<?xml version="1.0" encoding="UTF-8"?>
<!-- Generated by org.testng.reporters.JUnitReportReporter -->
<testsuite hostname="anurvi-tak" name="com.automation.demo.tests.DemoTests" tests="2" failures="0" timestamp="10 Oct 2021 11:46:10 GMT" time="6.558" errors="0">
  <testcase name="verification" time="1.149" classname="com.automation.demo.tests.DemoTests"/>
  <testcase name="playVideo" time="5.409" classname="com.automation.demo.tests.DemoTests"/>
</testsuite> <!-- com.automation.demo.tests.DemoTests -->
